2025-05-07 11:43:11,403 - __main__ - DEBUG - Processing user: Alice, Age: 30
2025-05-07 11:43:11,404 - __main__ - INFO - User Alice is of valid age.
2025-05-07 11:43:11,404 - __main__ - INFO - Completed processing for Alice.
2025-05-07 11:43:11,404 - __main__ - WARNING - User Bob is under 18 years old.
2025-05-07 11:43:11,405 - __main__ - INFO - Completed processing for Bob.
2025-05-07 11:43:11,405 - __main__ - INFO - User ErrorUser is of valid age.
2025-05-07 11:43:11,405 - __main__ - ERROR - An error occurred: Simulated error for user.
2025-05-07 11:43:11,405 - __main__ - INFO - Completed processing for ErrorUser.
2025-05-07 11:45:19,166 - __main__ - DEBUG - Processing user: Alice, Age: 30
2025-05-07 11:45:19,167 - __main__ - INFO - User Alice is of valid age.
2025-05-07 11:45:19,167 - __main__ - INFO - Completed processing for Alice.
2025-05-07 11:45:19,167 - __main__ - WARNING - User Bob is under 18 years old.
2025-05-07 11:45:19,168 - __main__ - INFO - Completed processing for Bob.
2025-05-07 11:45:19,168 - __main__ - INFO - User ErrorUser is of valid age.
2025-05-07 11:45:19,168 - __main__ - ERROR - An error occurred: Simulated error for user.
2025-05-07 11:45:19,168 - __main__ - INFO - Completed processing for ErrorUser.
2025-05-07 11:46:35,400 - __main__ - DEBUG - Processing user: Alice, Age: 30
2025-05-07 11:46:35,401 - __main__ - INFO - User Alice is of valid age.
2025-05-07 11:46:35,402 - __main__ - INFO - Completed processing for Alice.
2025-05-07 11:46:35,402 - __main__ - INFO - User Bob is of valid age.
2025-05-07 11:46:35,402 - __main__ - INFO - Completed processing for Bob.
2025-05-07 11:46:35,402 - __main__ - INFO - User ErrorUser is of valid age.
2025-05-07 11:46:35,402 - __main__ - ERROR - An error occurred for ErrorUser: Simulated error for user.
2025-05-07 11:46:35,402 - __main__ - INFO - Completed processing for ErrorUser.
